c:\users\pichau\source\repos\learning-sdl\learning-sdl\debug\vc142.pdb
c:\users\pichau\source\repos\learning-sdl\learning-sdl\debug\vc142.idb
c:\users\pichau\source\repos\learning-sdl\learning-sdl\debug\texturemanager.obj
c:\users\pichau\source\repos\learning-sdl\learning-sdl\debug\main.obj
c:\users\pichau\source\repos\learning-sdl\learning-sdl\debug\gameobject.obj
c:\users\pichau\source\repos\learning-sdl\learning-sdl\debug\game.obj
c:\users\pichau\source\repos\learning-sdl\learning-sdl\debug\learning-sdl.ilk
c:\users\pichau\source\repos\learning-sdl\debug\learning-sdl.exe
c:\users\pichau\source\repos\learning-sdl\debug\learning-sdl.pdb
c:\users\pichau\source\repos\learning-sdl\learning-sdl\debug\learning-sdl.tlog\cl.command.1.tlog
c:\users\pichau\source\repos\learning-sdl\learning-sdl\debug\learning-sdl.tlog\cl.read.1.tlog
c:\users\pichau\source\repos\learning-sdl\learning-sdl\debug\learning-sdl.tlog\cl.write.1.tlog
c:\users\pichau\source\repos\learning-sdl\learning-sdl\debug\learning-sdl.tlog\link.3432-cvtres.read.1.tlog
c:\users\pichau\source\repos\learning-sdl\learning-sdl\debug\learning-sdl.tlog\link.3432-cvtres.write.1.tlog
c:\users\pichau\source\repos\learning-sdl\learning-sdl\debug\learning-sdl.tlog\link.3432-rc.read.1.tlog
c:\users\pichau\source\repos\learning-sdl\learning-sdl\debug\learning-sdl.tlog\link.3432-rc.write.1.tlog
c:\users\pichau\source\repos\learning-sdl\learning-sdl\debug\learning-sdl.tlog\link.3432.read.1.tlog
c:\users\pichau\source\repos\learning-sdl\learning-sdl\debug\learning-sdl.tlog\link.3432.write.1.tlog
c:\users\pichau\source\repos\learning-sdl\learning-sdl\debug\learning-sdl.tlog\link.command.1.tlog
c:\users\pichau\source\repos\learning-sdl\learning-sdl\debug\learning-sdl.tlog\link.read.1.tlog
c:\users\pichau\source\repos\learning-sdl\learning-sdl\debug\learning-sdl.tlog\link.write.1.tlog
